<?xml version="1.0" encoding="UTF-8"?>
<!-- Generated by org.testng.reporters.JUnitXMLReporter -->
<testsuite ignored="0" hostname="US-7TG4XM3" failures="1" tests="1" name="Test" time="4.971" errors="0" timestamp="2023-01-17T18:58:56 PST">
  <testcase classname="TestScripts.SLoginPage" name="tc1" time="0.01">
    <failure type="java.lang.NullPointerException" message="Cannot invoke &amp;quot;org.openqa.selenium.WebDriver.findElement(org.openqa.selenium.By)&amp;quot; because &amp;quot;this.driver&amp;quot; is null">
      <![CDATA[java.lang.NullPointerException: Cannot invoke "org.openqa.selenium.WebDriver.findElement(org.openqa.selenium.By)" because "this.driver" is null
at pompage.SkillRaryLoginpage.gearsbtn(SkillRaryLoginpage.java:29)
at TestScripts.SLoginPage.tc1(SLoginPage.java:16)
at java.base/java.util.ArrayList.forEach(ArrayList.java:1511)
... Removed 25 stack frames]]>
    </failure>
  </testcase> <!-- tc1 -->
</testsuite> <!-- Test -->
